Using pre-set license
Built from '2022.1/staging' branch; Version is '2022.1.19f1 (2fd7b40534d1) revision 3135412'; Using compiler version '192829333'; Build Type 'Release'
OS: 'Windows 11  (10.0.22621) 64bit Core' Language: 'en' Physical Memory: 15710 MB
BatchMode: 1, IsHumanControllingUs: 0, StartBugReporterOnCrash: 0, Is64bit: 1, IsPro: 1

COMMAND LINE ARGUMENTS:
D:\Unity\Unity 2022.1.19f1\Editor\Unity.exe
-adb2
-batchMode
-noUpm
-name
AssetImportWorker0
-projectPath
C:/Users/ArjuN/Documents/GitHub/Roll-A-Ball_02-1-1
-logFile
Logs/AssetImportWorker0.log
-srvPort
51801
Successfully changed project path to: C:/Users/ArjuN/Documents/GitHub/Roll-A-Ball_02-1-1
C:/Users/ArjuN/Documents/GitHub/Roll-A-Ball_02-1-1
[UnityMemory] Configuration Parameters - Can be set up in boot.config
    "memorysetup-bucket-allocator-granularity=16"
    "memorysetup-bucket-allocator-bucket-count=8"
    "memorysetup-bucket-allocator-block-size=33554432"
    "memorysetup-bucket-allocator-block-count=8"
    "memorysetup-main-allocator-block-size=16777216"
    "memorysetup-thread-allocator-block-size=16777216"
    "memorysetup-gfx-main-allocator-block-size=16777216"
    "memorysetup-gfx-thread-allocator-block-size=16777216"
    "memorysetup-cache-allocator-block-size=4194304"
    "memorysetup-typetree-allocator-block-size=2097152"
    "memorysetup-profiler-bucket-allocator-granularity=16"
    "memorysetup-profiler-bucket-allocator-bucket-count=8"
    "memorysetup-profiler-bucket-allocator-block-size=33554432"
    "memorysetup-profiler-bucket-allocator-block-count=8"
    "memorysetup-profiler-allocator-block-size=16777216"
    "memorysetup-profiler-editor-allocator-block-size=1048576"
    "memorysetup-temp-allocator-size-main=16777216"
    "memorysetup-job-temp-allocator-block-size=2097152"
    "memorysetup-job-temp-allocator-block-size-background=1048576"
    "memorysetup-job-temp-allocator-reduction-small-platforms=262144"
    "memorysetup-temp-allocator-size-background-worker=32768"
    "memorysetup-temp-allocator-size-job-worker=262144"
    "memorysetup-temp-allocator-size-preload-manager=33554432"
    "memorysetup-temp-allocator-size-nav-mesh-worker=65536"
    "memorysetup-temp-allocator-size-audio-worker=65536"
    "memorysetup-temp-allocator-size-cloud-worker=32768"
    "memorysetup-temp-allocator-size-gi-baking-worker=262144"
    "memorysetup-temp-allocator-size-gfx=262144"
Refreshing native plugins compatible for Editor in 98.98 ms, found 3 plugins.
Preloading 0 native plugins for Editor in 0.00 ms.
Initialize engine version: 2022.1.19f1 (2fd7b40534d1)
[Subsystems] Discovering subsystems at path D:/Unity/Unity 2022.1.19f1/Editor/Data/Resources/UnitySubsystems
[Subsystems] Discovering subsystems at path C:/Users/ArjuN/Documents/GitHub/Roll-A-Ball_02-1-1/Assets
GfxDevice: creating device client; threaded=0; jobified=0
Direct3D:
    Version:  Direct3D 11.0 [level 11.1]
    Renderer: NVIDIA GeForce RTX 3050 Ti Laptop GPU (ID=0x25a0)
    Vendor:   NVIDIA
    VRAM:     3976 MB
    Driver:   31.0.15.3168
Initialize mono
Mono path[0] = 'D:/Unity/Unity 2022.1.19f1/Editor/Data/Managed'
Mono path[1] = 'D:/Unity/Unity 2022.1.19f1/Editor/Data/MonoBleedingEdge/lib/mono/unityjit-win32'
Mono config path = 'D:/Unity/Unity 2022.1.19f1/Editor/Data/MonoBleedingEdge/etc'
Using monoOptions --debugger-agent=transport=dt_socket,embedding=1,server=y,suspend=n,address=127.0.0.1:56956
Begin MonoManager ReloadAssembly
Registering precompiled unity dll's ...
Register platform support module: D:/Unity/Unity 2022.1.19f1/Editor/Data/PlaybackEngines/WindowsStandaloneSupport/UnityEditor.WindowsStandalone.Extensions.dll
Registered in 0.001519 seconds.
Native extension for WindowsStandalone target not found
Refreshing native plugins compatible for Editor in 77.39 ms, found 3 plugins.
Preloading 0 native plugins for Editor in 0.00 ms.
Mono: successfully reloaded assembly
- Completed reload, in  0.635 seconds
Domain Reload Profiling:
	ReloadAssembly (636ms)
		BeginReloadAssembly (69ms)
			ExecutionOrderSort (0ms)
			DisableScriptedObjects (0ms)
			BackupInstance (0ms)
			ReleaseScriptingObjects (0ms)
			CreateAndSetChildDomain (1ms)
		EndReloadAssembly (466ms)
			LoadAssemblies (69ms)
			RebuildTransferFunctionScriptingTraits (0ms)
			SetupTypeCache (111ms)
				TypeCache.Initialize (111ms)
					TypeCache.ScanAssembly (109ms)
				ResolveRequiredComponents (0ms)
			ReleaseScriptCaches (0ms)
			RebuildScriptCaches (29ms)
			SetupLoadedEditorAssemblies (273ms)
				LogAssemblyErrors (0ms)
				InitializePlatformSupportModulesInManaged (6ms)
				SetLoadedEditorAssemblies (7ms)
				RefreshPlugins (77ms)
				BeforeProcessingInitializeOnLoad (2ms)
				ProcessInitializeOnLoadAttributes (131ms)
				ProcessInitializeOnLoadMethodAttributes (49ms)
				AfterProcessingInitializeOnLoad (0ms)
				EditorAssembliesLoaded (0ms)
			ExecutionOrderSort2 (0ms)
			AwakeInstancesAfterBackupRestoration (0ms)
Platform modules already initialized, skipping
Registering precompiled user dll's ...
Registered in 0.004157 seconds.
Begin MonoManager ReloadAssembly
Symbol file LoadedFromMemory doesn't match image C:\Users\ArjuN\Documents\GitHub\Roll-A-Ball_02-1-1\Library\PackageCache\com.unity.visualscripting@1.7.8\Editor\VisualScripting.Core\Dependencies\YamlDotNet\Unity.VisualScripting.YamlDotNet.dll
Symbol file LoadedFromMemory doesn't match image C:\Users\ArjuN\Documents\GitHub\Roll-A-Ball_02-1-1\Library\PackageCache\com.unity.visualscripting@1.7.8\Editor\VisualScripting.Core\Dependencies\DotNetZip\Unity.VisualScripting.IonicZip.dll
Native extension for WindowsStandalone target not found
Refreshing native plugins compatible for Editor in 70.12 ms, found 3 plugins.
Preloading 0 native plugins for Editor in 0.00 ms.
Mono: successfully reloaded assembly
- Completed reload, in  1.222 seconds
Domain Reload Profiling:
	ReloadAssembly (1223ms)
		BeginReloadAssembly (107ms)
			ExecutionOrderSort (0ms)
			DisableScriptedObjects (8ms)
			BackupInstance (0ms)
			ReleaseScriptingObjects (0ms)
			CreateAndSetChildDomain (21ms)
		EndReloadAssembly (1001ms)
			LoadAssemblies (87ms)
			RebuildTransferFunctionScriptingTraits (0ms)
			SetupTypeCache (273ms)
				TypeCache.Initialize (268ms)
					TypeCache.ScanAssembly (262ms)
				ResolveRequiredComponents (6ms)
			ReleaseScriptCaches (1ms)
			RebuildScriptCaches (61ms)
			SetupLoadedEditorAssemblies (511ms)
				LogAssemblyErrors (0ms)
				InitializePlatformSupportModulesInManaged (4ms)
				SetLoadedEditorAssemblies (7ms)
				RefreshPlugins (70ms)
				BeforeProcessingInitializeOnLoad (72ms)
				ProcessInitializeOnLoadAttributes (329ms)
				ProcessInitializeOnLoadMethodAttributes (28ms)
				AfterProcessingInitializeOnLoad (2ms)
				EditorAssembliesLoaded (0ms)
			ExecutionOrderSort2 (0ms)
			AwakeInstancesAfterBackupRestoration (6ms)
Platform modules already initialized, skipping
========================================================================
Worker process is ready to serve import requests
Launched and connected shader compiler UnityShaderCompiler.exe after 0.05 seconds
Refreshing native plugins compatible for Editor in 0.63 ms, found 3 plugins.
Preloading 0 native plugins for Editor in 0.00 ms.
Unloading 3645 Unused Serialized files (Serialized files now loaded: 0)
Unloading 28 unused Assets / (58.3 KB). Loaded Objects now: 4109.
Memory consumption went from 0.55 GB to 0.55 GB.
Total: 3.236000 ms (FindLiveObjects: 0.270900 ms CreateObjectMapping: 0.112900 ms MarkObjects: 2.759000 ms  DeleteObjects: 0.092400 ms)

AssetImportParameters requested are different than current active one (requested -> active):
  custom:video-decoder-ogg-theora: a1e56fd34408186e4bbccfd4996cb3dc -> 
  custom:container-muxer-webm: aa71ff27fc2769a1b78a27578f13a17b -> 
  custom:container-demuxer-webm: 4f35f7cbe854078d1ac9338744f61a02 -> 
  custom:video-encoder-webm-vp8: eb34c28f22e8b96e1ab97ce403110664 -> 
  custom:video-codec-MediaFoundation-h265: 746d11721c4dcdbdad8f713fa42b33f4 -> 
  custom:audio-encoder-webm-vorbis: bf7c407c2cedff20999df2af8eb42d56 -> 
  custom:framework-win-MediaFoundation: 216162199b28c13a410421893ffa2e32 -> 
  custom:container-demuxer-ogg: 62fdf1f143b41e24485cea50d1cbac27 -> 
  custom:video-decoder-webm-vp8: 9c59270c3fd7afecdb556c50c9e8de78 -> 
  custom:audio-decoder-ogg-vorbis: bf7c407c2cedff20999df2af8eb42d56 -> 
========================================================================
Received Import Request.
  Time since last request: 32408.735127 seconds.
  path: Assets/Scenes/Level 4.unity
  artifactKey: Guid(2a72333291a60c34282c98e74f626b98) Importer(815301076,1909f56bfc062723c751e8b465ee728b)
Start importing Assets/Scenes/Level 4.unity using Guid(2a72333291a60c34282c98e74f626b98) Importer(815301076,1909f56bfc062723c751e8b465ee728b)  -> (artifact id: '01e8cdcc3d2801fbab45749d9efe00e9') in 0.008328 seconds 
========================================================================
Received Import Request.
  Time since last request: 39.503326 seconds.
  path: Assets/Scenes/Canvas.prefab
  artifactKey: Guid(2c8adf959ce02ef4aa1ce9236a3a3302) Importer(815301076,1909f56bfc062723c751e8b465ee728b)
Start importing Assets/Scenes/Canvas.prefab using Guid(2c8adf959ce02ef4aa1ce9236a3a3302) Importer(815301076,1909f56bfc062723c751e8b465ee728b)  -> (artifact id: '3501d6d155f5c2d4d24d537d1acacf85') in 0.100528 seconds 
========================================================================
Received Import Request.
  Time since last request: 0.000039 seconds.
  path: Assets/Scenes/Directional Light.prefab
  artifactKey: Guid(a2ed84c20bc1ec14a9271de3c4e549a2) Importer(815301076,1909f56bfc062723c751e8b465ee728b)
Start importing Assets/Scenes/Directional Light.prefab using Guid(a2ed84c20bc1ec14a9271de3c4e549a2) Importer(815301076,1909f56bfc062723c751e8b465ee728b)  -> (artifact id: '1836eecdde091ff9224e8fccf9692e2a') in 0.009380 seconds 
========================================================================
Received Import Request.
  Time since last request: 0.000183 seconds.
  path: Assets/Scenes/Traps.prefab
  artifactKey: Guid(830a448662113364f9aca5aa2006e88c) Importer(815301076,1909f56bfc062723c751e8b465ee728b)
Start importing Assets/Scenes/Traps.prefab using Guid(830a448662113364f9aca5aa2006e88c) Importer(815301076,1909f56bfc062723c751e8b465ee728b)  -> (artifact id: '01c4507d8ef109c5ab1d6143118b8e70') in 0.099374 seconds 
========================================================================
Received Import Request.
  Time since last request: 0.000039 seconds.
  path: Assets/Scenes/Player.prefab
  artifactKey: Guid(056ae254c65d8904d8d6e0a1d2d65ac9) Importer(815301076,1909f56bfc062723c751e8b465ee728b)
Start importing Assets/Scenes/Player.prefab using Guid(056ae254c65d8904d8d6e0a1d2d65ac9) Importer(815301076,1909f56bfc062723c751e8b465ee728b)  -> (artifact id: '4616282e42c63866dfee16d39a050329') in 0.024063 seconds 
========================================================================
Received Import Request.
  Time since last request: 0.000075 seconds.
  path: Assets/Scenes/Pickups.prefab
  artifactKey: Guid(51fa23be17e5cf84cae313407b6a6986) Importer(815301076,1909f56bfc062723c751e8b465ee728b)
Start importing Assets/Scenes/Pickups.prefab using Guid(51fa23be17e5cf84cae313407b6a6986) Importer(815301076,1909f56bfc062723c751e8b465ee728b)  -> (artifact id: '0183a742754ff47dbfba0c6882875a29') in 0.025263 seconds 
========================================================================
Received Import Request.
  Time since last request: 0.000041 seconds.
  path: Assets/Scenes/Main Camera.prefab
  artifactKey: Guid(60208f59d6cb95740b171f3c66d74e08) Importer(815301076,1909f56bfc062723c751e8b465ee728b)
Start importing Assets/Scenes/Main Camera.prefab using Guid(60208f59d6cb95740b171f3c66d74e08) Importer(815301076,1909f56bfc062723c751e8b465ee728b)  -> (artifact id: 'de7d29537e47c11209041e359484ad3f') in 0.008871 seconds 
========================================================================
Received Import Request.
  Time since last request: 0.000050 seconds.
  path: Assets/Scenes/Grounds.prefab
  artifactKey: Guid(9b7120c6196ef924fb115ed55aeb4c90) Importer(815301076,1909f56bfc062723c751e8b465ee728b)
Start importing Assets/Scenes/Grounds.prefab using Guid(9b7120c6196ef924fb115ed55aeb4c90) Importer(815301076,1909f56bfc062723c751e8b465ee728b)  -> (artifact id: '776a2c883d85b629dfc38fb4aad04836') in 0.038658 seconds 
========================================================================
Received Import Request.
  Time since last request: 20.855403 seconds.
  path: Assets/Scenes/Canvas 1.prefab
  artifactKey: Guid(a381048a4f7a37744a20f4ccb4218263) Importer(815301076,1909f56bfc062723c751e8b465ee728b)
Start importing Assets/Scenes/Canvas 1.prefab using Guid(a381048a4f7a37744a20f4ccb4218263) Importer(815301076,1909f56bfc062723c751e8b465ee728b)  -> (artifact id: '49a424677e1c3db6692d593e3c37369a') in 0.028264 seconds 
========================================================================
Received Import Request.
  Time since last request: 0.000023 seconds.
  path: Assets/Scenes/Walls 1.prefab
  artifactKey: Guid(eb7b5b0e74c971a4d8ea75cbcc37a06a) Importer(815301076,1909f56bfc062723c751e8b465ee728b)
Start importing Assets/Scenes/Walls 1.prefab using Guid(eb7b5b0e74c971a4d8ea75cbcc37a06a) Importer(815301076,1909f56bfc062723c751e8b465ee728b)  -> (artifact id: 'aba9849b1fc70f2b4531e26daa7c0987') in 0.035626 seconds 
========================================================================
Received Import Request.
  Time since last request: 0.000029 seconds.
  path: Assets/Scenes/Traps 1.prefab
  artifactKey: Guid(2c812963be0abf04881413ce106610a6) Importer(815301076,1909f56bfc062723c751e8b465ee728b)
Start importing Assets/Scenes/Traps 1.prefab using Guid(2c812963be0abf04881413ce106610a6) Importer(815301076,1909f56bfc062723c751e8b465ee728b)  -> (artifact id: '7be562d757214c6bd8af5c28791c3c8b') in 0.018258 seconds 
========================================================================
Received Import Request.
  Time since last request: 11.353090 seconds.
  path: Assets/Scenes/Canvas 2.prefab
  artifactKey: Guid(60922b8488bed2640bd60cf06a237ce0) Importer(815301076,1909f56bfc062723c751e8b465ee728b)
Start importing Assets/Scenes/Canvas 2.prefab using Guid(60922b8488bed2640bd60cf06a237ce0) Importer(815301076,1909f56bfc062723c751e8b465ee728b)  -> (artifact id: '78586a5d54a26c4183bc6bc109acebc7') in 0.028694 seconds 
========================================================================
Received Import Request.
  Time since last request: 0.000045 seconds.
  path: Assets/Scenes/Main Camera 1.prefab
  artifactKey: Guid(c8c1a6bc4c6b74543b0586880aa04f4a) Importer(815301076,1909f56bfc062723c751e8b465ee728b)
Start importing Assets/Scenes/Main Camera 1.prefab using Guid(c8c1a6bc4c6b74543b0586880aa04f4a) Importer(815301076,1909f56bfc062723c751e8b465ee728b)  -> (artifact id: '0eb792382b936f6590a905760598ee89') in 0.012874 seconds 
========================================================================
Received Import Request.
  Time since last request: 0.000032 seconds.
  path: Assets/Scenes/Decorations 2.prefab
  artifactKey: Guid(ed677947b35ad7a4ebd5aab6dd04e18b) Importer(815301076,1909f56bfc062723c751e8b465ee728b)
Start importing Assets/Scenes/Decorations 2.prefab using Guid(ed677947b35ad7a4ebd5aab6dd04e18b) Importer(815301076,1909f56bfc062723c751e8b465ee728b)  -> (artifact id: '42868746394eb76bb36b6ea461a84772') in 0.059780 seconds 
========================================================================
Received Import Request.
  Time since last request: 28.889201 seconds.
  path: Assets/Scenes/MainMenu 1.unity
  artifactKey: Guid(471b03b4c8c7e704e84224b13b8f088a) Importer(815301076,1909f56bfc062723c751e8b465ee728b)
Start importing Assets/Scenes/MainMenu 1.unity using Guid(471b03b4c8c7e704e84224b13b8f088a) Importer(815301076,1909f56bfc062723c751e8b465ee728b)  -> (artifact id: '00fca4ede8de2064c35255cb9dbd0027') in 0.008090 seconds 
